<?xml version="1.0" encoding="UTF-8"?>
<!-- Generated by org.testng.reporters.JUnitReportReporter -->
<testsuite skipped="0" hostname="Manish-PC" name="tests.TestBase" tests="1" failures="0" timestamp="22 Mar 2019 02:57:53 GMT" time="33.058" errors="0">
  <testcase name="RegistrationFails" time="33.058" classname="tests.TestBase"/>
</testsuite> <!-- tests.TestBase -->
