<?xml version="1.0" encoding="UTF-8"?>
<!-- Generated by org.testng.reporters.JUnitReportReporter -->
<testsuite skipped="0" hostname="DESKTOP-2RU3L8F" name="tests.FunctionalTest" tests="3" failures="0" timestamp="04 Apr 2019 18:16:27 GMT" time="5.806" errors="0">
  <testcase name="Home" time="0.034" classname="tests.FunctionalTest"/>
  <testcase name="RegistrationFails" time="3.197" classname="tests.FunctionalTest"/>
  <testcase name="Login" time="2.575" classname="tests.FunctionalTest"/>
</testsuite> <!-- tests.FunctionalTest -->
