<?xml version="1.0" encoding="UTF-8"?>
<!-- Generated by org.testng.reporters.JUnitReportReporter -->
<testsuite skipped="0" hostname="DESKTOP-2RU3L8F" name="tests.NegativeTest" tests="1" failures="0" timestamp="05 Apr 2019 02:02:18 GMT" time="2.803" errors="0">
  <testcase name="LoginFail" time="2.803" classname="tests.NegativeTest"/>
</testsuite> <!-- tests.NegativeTest -->
