<?xml version="1.0" encoding="UTF-8"?>
<!-- Generated by org.testng.reporters.JUnitReportReporter -->
<testsuite skipped="0" hostname="DESKTOP-2RU3L8F" name="tests.FunctionalTest" tests="3" failures="0" timestamp="05 Apr 2019 03:39:51 GMT" time="6.902" errors="0">
  <testcase name="Home" time="0.081" classname="tests.FunctionalTest"/>
  <testcase name="RegistrationFails" time="4.067" classname="tests.FunctionalTest"/>
  <testcase name="Login" time="2.754" classname="tests.FunctionalTest"/>
</testsuite> <!-- tests.FunctionalTest -->
